<?xml version="1.0" encoding="UTF-8" ?>
<testsuite failures="0" time="30.731" errors="0" skipped="0" tests="4" name="com.mindtree.test.maven.azure.PluginTest">
  <properties>
[...]
</properties>
  <testcase time="29.005" classname="com.mindtree.test.maven.azure.PluginTest" name="testPulginFailure1"/>
  <testcase time="0" classname="com.mindtree.test.maven.azure.PluginTest" name="testPulginFailure4"/>
  <testcase time="0" classname="com.mindtree.test.maven.azure.PluginTest" name="testPulginFailure2"/>
  <testcase time="0" classname="com.mindtree.test.maven.azure.PluginTest" name="testPulginFailure3"/>
</testsuite>